C:\USERS\PARITOSH\DOCUMENTS\VISUAL STUDIO 2012\PROJECTS\TESLACOMPUTE\TESLACOMPUTE\DEBUG\TESLACOMPUTEMAIN.OBJ
C:\USERS\PARITOSH\DOCUMENTS\VISUAL STUDIO 2012\PROJECTS\TESLACOMPUTE\TESLACOMPUTE\DEBUG\VC110.PDB
C:\USERS\PARITOSH\DOCUMENTS\VISUAL STUDIO 2012\PROJECTS\TESLACOMPUTE\DEBUG\TESLACOMPUTE.ILK
C:\USERS\PARITOSH\DOCUMENTS\VISUAL STUDIO 2012\PROJECTS\TESLACOMPUTE\DEBUG\TESLACOMPUTE.EXE
C:\USERS\PARITOSH\DOCUMENTS\VISUAL STUDIO 2012\PROJECTS\TESLACOMPUTE\DEBUG\TESLACOMPUTE.PDB
C:\Users\Paritosh\Documents\Visual Studio 2012\Projects\TeslaCompute\TeslaCompute\Debug\TeslaComputeMain.obj
C:\Users\Paritosh\Documents\Visual Studio 2012\Projects\TeslaCompute\TeslaCompute\Debug\cl.command.1.tlog
C:\Users\Paritosh\Documents\Visual Studio 2012\Projects\TeslaCompute\TeslaCompute\Debug\CL.read.1.tlog
C:\Users\Paritosh\Documents\Visual Studio 2012\Projects\TeslaCompute\TeslaCompute\Debug\CL.write.1.tlog
C:\Users\Paritosh\Documents\Visual Studio 2012\Projects\TeslaCompute\TeslaCompute\Debug\link-cvtres.read.1.tlog
C:\Users\Paritosh\Documents\Visual Studio 2012\Projects\TeslaCompute\TeslaCompute\Debug\link-cvtres.write.1.tlog
C:\Users\Paritosh\Documents\Visual Studio 2012\Projects\TeslaCompute\TeslaCompute\Debug\link-rc.read.1.tlog
C:\Users\Paritosh\Documents\Visual Studio 2012\Projects\TeslaCompute\TeslaCompute\Debug\link-rc.write.1.tlog
C:\Users\Paritosh\Documents\Visual Studio 2012\Projects\TeslaCompute\TeslaCompute\Debug\link.2216-cvtres.read.1.tlog
C:\Users\Paritosh\Documents\Visual Studio 2012\Projects\TeslaCompute\TeslaCompute\Debug\link.2216-cvtres.write.1.tlog
C:\Users\Paritosh\Documents\Visual Studio 2012\Projects\TeslaCompute\TeslaCompute\Debug\link.2216-rc.read.1.tlog
C:\Users\Paritosh\Documents\Visual Studio 2012\Projects\TeslaCompute\TeslaCompute\Debug\link.2216-rc.write.1.tlog
C:\Users\Paritosh\Documents\Visual Studio 2012\Projects\TeslaCompute\TeslaCompute\Debug\link.2216.read.1.tlog
C:\Users\Paritosh\Documents\Visual Studio 2012\Projects\TeslaCompute\TeslaCompute\Debug\link.2216.write.1.tlog
C:\Users\Paritosh\Documents\Visual Studio 2012\Projects\TeslaCompute\TeslaCompute\Debug\link.2220-cvtres.read.1.tlog
C:\Users\Paritosh\Documents\Visual Studio 2012\Projects\TeslaCompute\TeslaCompute\Debug\link.2220-cvtres.write.1.tlog
C:\Users\Paritosh\Documents\Visual Studio 2012\Projects\TeslaCompute\TeslaCompute\Debug\link.2220-rc.read.1.tlog
C:\Users\Paritosh\Documents\Visual Studio 2012\Projects\TeslaCompute\TeslaCompute\Debug\link.2220-rc.write.1.tlog
C:\Users\Paritosh\Documents\Visual Studio 2012\Projects\TeslaCompute\TeslaCompute\Debug\link.2220.read.1.tlog
C:\Users\Paritosh\Documents\Visual Studio 2012\Projects\TeslaCompute\TeslaCompute\Debug\link.2220.write.1.tlog
C:\Users\Paritosh\Documents\Visual Studio 2012\Projects\TeslaCompute\TeslaCompute\Debug\link.2380-cvtres.read.1.tlog
C:\Users\Paritosh\Documents\Visual Studio 2012\Projects\TeslaCompute\TeslaCompute\Debug\link.2380-cvtres.write.1.tlog
C:\Users\Paritosh\Documents\Visual Studio 2012\Projects\TeslaCompute\TeslaCompute\Debug\link.2380-rc.read.1.tlog
C:\Users\Paritosh\Documents\Visual Studio 2012\Projects\TeslaCompute\TeslaCompute\Debug\link.2380-rc.write.1.tlog
C:\Users\Paritosh\Documents\Visual Studio 2012\Projects\TeslaCompute\TeslaCompute\Debug\link.2380.read.1.tlog
C:\Users\Paritosh\Documents\Visual Studio 2012\Projects\TeslaCompute\TeslaCompute\Debug\link.2380.write.1.tlog
C:\Users\Paritosh\Documents\Visual Studio 2012\Projects\TeslaCompute\TeslaCompute\Debug\link.4444-cvtres.read.1.tlog
C:\Users\Paritosh\Documents\Visual Studio 2012\Projects\TeslaCompute\TeslaCompute\Debug\link.4444-cvtres.write.1.tlog
C:\Users\Paritosh\Documents\Visual Studio 2012\Projects\TeslaCompute\TeslaCompute\Debug\link.4444-rc.read.1.tlog
C:\Users\Paritosh\Documents\Visual Studio 2012\Projects\TeslaCompute\TeslaCompute\Debug\link.4444-rc.write.1.tlog
C:\Users\Paritosh\Documents\Visual Studio 2012\Projects\TeslaCompute\TeslaCompute\Debug\link.4444.read.1.tlog
C:\Users\Paritosh\Documents\Visual Studio 2012\Projects\TeslaCompute\TeslaCompute\Debug\link.4444.write.1.tlog
C:\Users\Paritosh\Documents\Visual Studio 2012\Projects\TeslaCompute\TeslaCompute\Debug\link.4916-cvtres.read.1.tlog
C:\Users\Paritosh\Documents\Visual Studio 2012\Projects\TeslaCompute\TeslaCompute\Debug\link.4916-cvtres.write.1.tlog
C:\Users\Paritosh\Documents\Visual Studio 2012\Projects\TeslaCompute\TeslaCompute\Debug\link.4916-rc.read.1.tlog
C:\Users\Paritosh\Documents\Visual Studio 2012\Projects\TeslaCompute\TeslaCompute\Debug\link.4916-rc.write.1.tlog
C:\Users\Paritosh\Documents\Visual Studio 2012\Projects\TeslaCompute\TeslaCompute\Debug\link.4916.read.1.tlog
C:\Users\Paritosh\Documents\Visual Studio 2012\Projects\TeslaCompute\TeslaCompute\Debug\link.4916.write.1.tlog
C:\Users\Paritosh\Documents\Visual Studio 2012\Projects\TeslaCompute\TeslaCompute\Debug\link.command.1.tlog
C:\Users\Paritosh\Documents\Visual Studio 2012\Projects\TeslaCompute\TeslaCompute\Debug\link.read.1.tlog
C:\Users\Paritosh\Documents\Visual Studio 2012\Projects\TeslaCompute\TeslaCompute\Debug\link.write.1.tlog
C:\Users\Paritosh\Documents\Visual Studio 2012\Projects\TeslaCompute\TeslaCompute\Debug\vc110.idb
C:\Users\Paritosh\Documents\Visual Studio 2012\Projects\TeslaCompute\TeslaCompute\Debug\vc110.pdb
C:\Users\Paritosh\Documents\Visual Studio 2012\Projects\TeslaCompute\Debug\TeslaCompute.pdb
C:\Users\Paritosh\Documents\Visual Studio 2012\Projects\TeslaCompute\Debug\TeslaCompute.exe
C:\Users\Paritosh\Documents\Visual Studio 2012\Projects\TeslaCompute\Debug\TeslaCompute.ilk
